GROUP,PACKAGE,CLASS,INSTRUCTION_MISSED,INSTRUCTION_COVERED,BRANCH_MISSED,BRANCH_COVERED,LINE_MISSED,LINE_COVERED,COMPLEXITY_MISSED,COMPLEXITY_COVERED,METHOD_MISSED,METHOD_COVERED
Inrupt Client Libraries - Jackson,com.inrupt.client.jackson,VPDeserializer,0,151,6,8,0,28,6,7,0,6
Inrupt Client Libraries - Jackson,com.inrupt.client.jackson,VCSerializer,0,188,8,20,0,50,8,9,0,3
Inrupt Client Libraries - Jackson,com.inrupt.client.jackson,VCDeserializer,0,196,8,10,0,34,8,9,0,8
Inrupt Client Libraries - Jackson,com.inrupt.client.jackson,VPSerializer,0,135,6,14,0,39,6,7,0,3
Inrupt Client Libraries - Jackson,com.inrupt.client.jackson,JacksonService,10,99,0,0,1,21,1,3,1,3
